<?xml version="1.0" encoding="UTF-8"?>
<testng-results ignored="0" total="1" passed="1" failed="0" skipped="0">
  <reporter-output>
  </reporter-output>
  <suite started-at="2021-11-10T11:55:42 IST" name="Default suite" finished-at="2021-11-10T12:00:11 IST" duration-ms="269425">
    <groups>
    </groups>
    <test started-at="2021-11-10T11:55:42 IST" name="Default test" finished-at="2021-11-10T12:00:11 IST" duration-ms="269425">
      <class name="com.tests.ENGRC">
        <test-method is-config="true" signature="ShoppingCart()[pri:0, instance:com.tests.ENGRC@48f278eb]" started-at="2021-11-10T11:55:42 IST" name="ShoppingCart" finished-at="2021-11-10T11:55:55 IST" duration-ms="12792" status="PASS">
          <reporter-output>
          </reporter-output>
        </test-method> <!-- ShoppingCart -->
        <test-method signature="ENGRCCreateAndDeleteRisk()[pri:1, instance:com.tests.ENGRC@48f278eb]" started-at="2021-11-10T11:55:55 IST" name="ENGRCCreateAndDeleteRisk" finished-at="2021-11-10T12:00:11 IST" duration-ms="256606" status="PASS">
          <reporter-output>
          </reporter-output>
        </test-method> <!-- ENGRCCreateAndDeleteRisk -->
      </class> <!-- com.tests.ENGRC -->
    </test> <!-- Default test -->
  </suite> <!-- Default suite -->
</testng-results>
